2026-02-16 15:23:59,514 - pednstream.ltm.network - INFO - Network initialization started, assign flows type: classic
2026-02-16 15:23:59,514 - pednstream.ltm.network - INFO - Controller configuration: enabled: True, nodes: {2}, links: []
2026-02-16 15:23:59,515 - pednstream.ltm.network - INFO - Total demand of origin node 0: 32975
2026-02-16 15:23:59,516 - pednstream.ltm.network - INFO - Total demand of origin node 1: 16610
2026-02-16 15:23:59,516 - pednstream.ltm.network - INFO - Total demand of origin node 7: 8897
2026-02-16 15:23:59,516 - pednstream.ltm.network - INFO - Total demand of origin node 8: 4109
2026-02-16 15:23:59,516 - pednstream.ltm.network - INFO - Network initialized with 9 nodes and 20 links
2026-02-16 15:23:59,518 - pednstream.ltm.network - INFO - Controller node 2: Added 0 detour path(s) for OD (0, 7)
2026-02-16 15:23:59,518 - pednstream.ltm.network - INFO - Controller node 2: Added 0 detour path(s) for OD (7, 1)
2026-02-16 15:23:59,519 - pednstream.ltm.network - INFO - Controller node 2: Added 0 detour path(s) for OD (8, 1)
2026-02-16 15:23:59,519 - pednstream.ltm.network - INFO - Controller node 2: Added 0 detour path(s) for OD (1, 8)
2026-02-16 15:23:59,520 - pednstream.ltm.network - INFO - Controller node 2: Added 0 detour path(s) for OD (7, 0)
2026-02-16 15:23:59,520 - pednstream.ltm.network - INFO - Controller node 2: Added 0 detour path(s) for OD (8, 0)
2026-02-16 15:23:59,521 - pednstream.ltm.network - INFO - Controller node 2: Added 0 detour path(s) for OD (1, 7)
2026-02-16 15:23:59,521 - pednstream.ltm.network - INFO - Controller node 2: Added 0 detour path(s) for OD (0, 8)
2026-02-16 15:23:59,523 - pednstream.ltm.network - INFO - Network initialization started, assign flows type: classic
2026-02-16 15:23:59,523 - pednstream.ltm.network - INFO - Controller configuration: enabled: True, nodes: {2}, links: []
2026-02-16 15:23:59,523 - pednstream.ltm.network - INFO - Total demand of origin node 0: 30468
2026-02-16 15:23:59,523 - pednstream.ltm.network - INFO - Total demand of origin node 1: 16621
2026-02-16 15:23:59,524 - pednstream.ltm.network - INFO - Total demand of origin node 7: 9033
2026-02-16 15:23:59,524 - pednstream.ltm.network - INFO - Total demand of origin node 8: 6567
2026-02-16 15:23:59,524 - pednstream.ltm.network - INFO - Network initialized with 9 nodes and 20 links
2026-02-16 15:23:59,526 - pednstream.ltm.network - INFO - Controller node 2: Added 0 detour path(s) for OD (0, 7)
2026-02-16 15:23:59,526 - pednstream.ltm.network - INFO - Controller node 2: Added 0 detour path(s) for OD (7, 1)
2026-02-16 15:23:59,526 - pednstream.ltm.network - INFO - Controller node 2: Added 0 detour path(s) for OD (8, 1)
2026-02-16 15:23:59,527 - pednstream.ltm.network - INFO - Controller node 2: Added 0 detour path(s) for OD (1, 8)
2026-02-16 15:23:59,527 - pednstream.ltm.network - INFO - Controller node 2: Added 0 detour path(s) for OD (7, 0)
2026-02-16 15:23:59,528 - pednstream.ltm.network - INFO - Controller node 2: Added 0 detour path(s) for OD (8, 0)
2026-02-16 15:23:59,528 - pednstream.ltm.network - INFO - Controller node 2: Added 0 detour path(s) for OD (1, 7)
2026-02-16 15:23:59,529 - pednstream.ltm.network - INFO - Controller node 2: Added 0 detour path(s) for OD (0, 8)
2026-02-16 15:24:41,160 - pednstream.ltm.network - INFO - Network initialization started, assign flows type: classic
2026-02-16 15:24:41,160 - pednstream.ltm.network - INFO - Controller configuration: enabled: True, nodes: {2}, links: []
2026-02-16 15:24:41,162 - pednstream.ltm.network - INFO - Total demand of origin node 0: 13853
2026-02-16 15:24:41,162 - pednstream.ltm.network - INFO - Total demand of origin node 1: 16556
2026-02-16 15:24:41,163 - pednstream.ltm.network - INFO - Total demand of origin node 7: 8898
2026-02-16 15:24:41,163 - pednstream.ltm.network - INFO - Total demand of origin node 8: 6307
2026-02-16 15:24:41,163 - pednstream.ltm.network - INFO - Network initialized with 9 nodes and 20 links
2026-02-16 15:24:41,165 - pednstream.ltm.network - INFO - Controller node 2: Added 0 detour path(s) for OD (0, 7)
2026-02-16 15:24:41,165 - pednstream.ltm.network - INFO - Controller node 2: Added 0 detour path(s) for OD (7, 1)
2026-02-16 15:24:41,165 - pednstream.ltm.network - INFO - Controller node 2: Added 0 detour path(s) for OD (8, 1)
2026-02-16 15:24:41,166 - pednstream.ltm.network - INFO - Controller node 2: Added 0 detour path(s) for OD (1, 8)
2026-02-16 15:24:41,166 - pednstream.ltm.network - INFO - Controller node 2: Added 0 detour path(s) for OD (7, 0)
2026-02-16 15:24:41,167 - pednstream.ltm.network - INFO - Controller node 2: Added 0 detour path(s) for OD (8, 0)
2026-02-16 15:24:41,167 - pednstream.ltm.network - INFO - Controller node 2: Added 0 detour path(s) for OD (1, 7)
2026-02-16 15:24:41,168 - pednstream.ltm.network - INFO - Controller node 2: Added 0 detour path(s) for OD (0, 8)
2026-02-16 15:24:41,170 - pednstream.ltm.network - INFO - Network initialization started, assign flows type: classic
2026-02-16 15:24:41,170 - pednstream.ltm.network - INFO - Controller configuration: enabled: True, nodes: {2}, links: []
2026-02-16 15:24:41,170 - pednstream.ltm.network - INFO - Total demand of origin node 0: 8603
2026-02-16 15:24:41,170 - pednstream.ltm.network - INFO - Total demand of origin node 1: 16468
2026-02-16 15:24:41,170 - pednstream.ltm.network - INFO - Total demand of origin node 7: 8907
2026-02-16 15:24:41,171 - pednstream.ltm.network - INFO - Total demand of origin node 8: 7534
2026-02-16 15:24:41,171 - pednstream.ltm.network - INFO - Network initialized with 9 nodes and 20 links
2026-02-16 15:24:41,172 - pednstream.ltm.network - INFO - Controller node 2: Added 0 detour path(s) for OD (0, 7)
2026-02-16 15:24:41,173 - pednstream.ltm.network - INFO - Controller node 2: Added 0 detour path(s) for OD (7, 1)
2026-02-16 15:24:41,173 - pednstream.ltm.network - INFO - Controller node 2: Added 0 detour path(s) for OD (8, 1)
2026-02-16 15:24:41,174 - pednstream.ltm.network - INFO - Controller node 2: Added 0 detour path(s) for OD (1, 8)
2026-02-16 15:24:41,174 - pednstream.ltm.network - INFO - Controller node 2: Added 0 detour path(s) for OD (7, 0)
2026-02-16 15:24:41,175 - pednstream.ltm.network - INFO - Controller node 2: Added 0 detour path(s) for OD (8, 0)
2026-02-16 15:24:41,175 - pednstream.ltm.network - INFO - Controller node 2: Added 0 detour path(s) for OD (1, 7)
2026-02-16 15:24:41,176 - pednstream.ltm.network - INFO - Controller node 2: Added 0 detour path(s) for OD (0, 8)
2026-02-16 15:26:25,516 - pednstream.ltm.network - INFO - Network initialization started, assign flows type: classic
2026-02-16 15:26:25,516 - pednstream.ltm.network - INFO - Controller configuration: enabled: True, nodes: {2}, links: []
2026-02-16 15:26:25,518 - pednstream.ltm.network - INFO - Total demand of origin node 0: 35023
2026-02-16 15:26:25,518 - pednstream.ltm.network - INFO - Total demand of origin node 1: 18184
2026-02-16 15:26:25,518 - pednstream.ltm.network - INFO - Total demand of origin node 7: 9079
2026-02-16 15:26:25,518 - pednstream.ltm.network - INFO - Total demand of origin node 8: 14816
2026-02-16 15:26:25,518 - pednstream.ltm.network - INFO - Network initialized with 9 nodes and 20 links
2026-02-16 15:26:25,520 - pednstream.ltm.network - INFO - Controller node 2: Added 0 detour path(s) for OD (0, 7)
2026-02-16 15:26:25,520 - pednstream.ltm.network - INFO - Controller node 2: Added 0 detour path(s) for OD (7, 1)
2026-02-16 15:26:25,521 - pednstream.ltm.network - INFO - Controller node 2: Added 0 detour path(s) for OD (8, 1)
2026-02-16 15:26:25,521 - pednstream.ltm.network - INFO - Controller node 2: Added 0 detour path(s) for OD (1, 8)
2026-02-16 15:26:25,522 - pednstream.ltm.network - INFO - Controller node 2: Added 0 detour path(s) for OD (7, 0)
2026-02-16 15:26:25,522 - pednstream.ltm.network - INFO - Controller node 2: Added 0 detour path(s) for OD (8, 0)
2026-02-16 15:26:25,523 - pednstream.ltm.network - INFO - Controller node 2: Added 0 detour path(s) for OD (1, 7)
2026-02-16 15:26:25,523 - pednstream.ltm.network - INFO - Controller node 2: Added 0 detour path(s) for OD (0, 8)
2026-02-16 15:26:25,525 - pednstream.ltm.network - INFO - Network initialization started, assign flows type: classic
2026-02-16 15:26:25,525 - pednstream.ltm.network - INFO - Controller configuration: enabled: True, nodes: {2}, links: []
2026-02-16 15:26:25,525 - pednstream.ltm.network - INFO - Total demand of origin node 0: 18942
2026-02-16 15:26:25,525 - pednstream.ltm.network - INFO - Total demand of origin node 1: 18079
2026-02-16 15:26:25,526 - pednstream.ltm.network - INFO - Total demand of origin node 7: 8890
2026-02-16 15:26:25,526 - pednstream.ltm.network - INFO - Total demand of origin node 8: 17043
2026-02-16 15:26:25,526 - pednstream.ltm.network - INFO - Network initialized with 9 nodes and 20 links
2026-02-16 15:26:25,528 - pednstream.ltm.network - INFO - Controller node 2: Added 0 detour path(s) for OD (0, 7)
2026-02-16 15:26:25,529 - pednstream.ltm.network - INFO - Controller node 2: Added 0 detour path(s) for OD (7, 1)
2026-02-16 15:26:25,529 - pednstream.ltm.network - INFO - Controller node 2: Added 0 detour path(s) for OD (8, 1)
2026-02-16 15:26:25,530 - pednstream.ltm.network - INFO - Controller node 2: Added 0 detour path(s) for OD (1, 8)
2026-02-16 15:26:25,530 - pednstream.ltm.network - INFO - Controller node 2: Added 0 detour path(s) for OD (7, 0)
2026-02-16 15:26:25,530 - pednstream.ltm.network - INFO - Controller node 2: Added 0 detour path(s) for OD (8, 0)
2026-02-16 15:26:25,531 - pednstream.ltm.network - INFO - Controller node 2: Added 0 detour path(s) for OD (1, 7)
2026-02-16 15:26:25,531 - pednstream.ltm.network - INFO - Controller node 2: Added 0 detour path(s) for OD (0, 8)
2026-02-16 15:28:06,655 - pednstream.ltm.network - INFO - Network initialization started, assign flows type: classic
2026-02-16 15:28:06,655 - pednstream.ltm.network - INFO - Controller configuration: enabled: True, nodes: {2}, links: []
2026-02-16 15:28:06,657 - pednstream.ltm.network - INFO - Total demand of origin node 0: 28663
2026-02-16 15:28:06,657 - pednstream.ltm.network - INFO - Total demand of origin node 1: 25706
2026-02-16 15:28:06,657 - pednstream.ltm.network - INFO - Total demand of origin node 7: 16398
2026-02-16 15:28:06,657 - pednstream.ltm.network - INFO - Total demand of origin node 8: 29913
2026-02-16 15:28:06,658 - pednstream.ltm.network - INFO - Network initialized with 9 nodes and 20 links
2026-02-16 15:28:06,659 - pednstream.ltm.network - INFO - Controller node 2: Added 0 detour path(s) for OD (0, 7)
2026-02-16 15:28:06,660 - pednstream.ltm.network - INFO - Controller node 2: Added 0 detour path(s) for OD (7, 1)
2026-02-16 15:28:06,660 - pednstream.ltm.network - INFO - Controller node 2: Added 0 detour path(s) for OD (8, 1)
2026-02-16 15:28:06,660 - pednstream.ltm.network - INFO - Controller node 2: Added 0 detour path(s) for OD (1, 8)
2026-02-16 15:28:06,661 - pednstream.ltm.network - INFO - Controller node 2: Added 0 detour path(s) for OD (7, 0)
2026-02-16 15:28:06,661 - pednstream.ltm.network - INFO - Controller node 2: Added 0 detour path(s) for OD (8, 0)
2026-02-16 15:28:06,662 - pednstream.ltm.network - INFO - Controller node 2: Added 0 detour path(s) for OD (1, 7)
2026-02-16 15:28:06,662 - pednstream.ltm.network - INFO - Controller node 2: Added 0 detour path(s) for OD (0, 8)
2026-02-16 15:28:06,664 - pednstream.ltm.network - INFO - Network initialization started, assign flows type: classic
2026-02-16 15:28:06,664 - pednstream.ltm.network - INFO - Controller configuration: enabled: True, nodes: {2}, links: []
2026-02-16 15:28:06,664 - pednstream.ltm.network - INFO - Total demand of origin node 0: 22946
2026-02-16 15:28:06,664 - pednstream.ltm.network - INFO - Total demand of origin node 1: 25368
2026-02-16 15:28:06,664 - pednstream.ltm.network - INFO - Total demand of origin node 7: 16589
2026-02-16 15:28:06,664 - pednstream.ltm.network - INFO - Total demand of origin node 8: 31856
2026-02-16 15:28:06,664 - pednstream.ltm.network - INFO - Network initialized with 9 nodes and 20 links
2026-02-16 15:28:06,666 - pednstream.ltm.network - INFO - Controller node 2: Added 0 detour path(s) for OD (0, 7)
2026-02-16 15:28:06,667 - pednstream.ltm.network - INFO - Controller node 2: Added 0 detour path(s) for OD (7, 1)
2026-02-16 15:28:06,667 - pednstream.ltm.network - INFO - Controller node 2: Added 0 detour path(s) for OD (8, 1)
2026-02-16 15:28:06,667 - pednstream.ltm.network - INFO - Controller node 2: Added 0 detour path(s) for OD (1, 8)
2026-02-16 15:28:06,668 - pednstream.ltm.network - INFO - Controller node 2: Added 0 detour path(s) for OD (7, 0)
2026-02-16 15:28:06,668 - pednstream.ltm.network - INFO - Controller node 2: Added 0 detour path(s) for OD (8, 0)
2026-02-16 15:28:06,669 - pednstream.ltm.network - INFO - Controller node 2: Added 0 detour path(s) for OD (1, 7)
2026-02-16 15:28:06,669 - pednstream.ltm.network - INFO - Controller node 2: Added 0 detour path(s) for OD (0, 8)
2026-02-16 15:28:38,132 - pednstream.ltm.network - INFO - Network initialization started, assign flows type: classic
2026-02-16 15:28:38,132 - pednstream.ltm.network - INFO - Controller configuration: enabled: True, nodes: {2}, links: []
2026-02-16 15:28:38,132 - pednstream.ltm.network - INFO - Total demand of origin node 0: 39549
2026-02-16 15:28:38,133 - pednstream.ltm.network - INFO - Total demand of origin node 1: 25313
2026-02-16 15:28:38,133 - pednstream.ltm.network - INFO - Total demand of origin node 7: 16429
2026-02-16 15:28:38,133 - pednstream.ltm.network - INFO - Total demand of origin node 8: 24609
2026-02-16 15:28:38,133 - pednstream.ltm.network - INFO - Network initialized with 9 nodes and 20 links
2026-02-16 15:28:38,135 - pednstream.ltm.network - INFO - Controller node 2: Added 0 detour path(s) for OD (0, 7)
2026-02-16 15:28:38,135 - pednstream.ltm.network - INFO - Controller node 2: Added 0 detour path(s) for OD (7, 1)
2026-02-16 15:28:38,136 - pednstream.ltm.network - INFO - Controller node 2: Added 0 detour path(s) for OD (8, 1)
2026-02-16 15:28:38,136 - pednstream.ltm.network - INFO - Controller node 2: Added 0 detour path(s) for OD (1, 8)
2026-02-16 15:28:38,137 - pednstream.ltm.network - INFO - Controller node 2: Added 0 detour path(s) for OD (7, 0)
2026-02-16 15:28:38,137 - pednstream.ltm.network - INFO - Controller node 2: Added 0 detour path(s) for OD (8, 0)
2026-02-16 15:28:38,138 - pednstream.ltm.network - INFO - Controller node 2: Added 0 detour path(s) for OD (1, 7)
2026-02-16 15:28:38,138 - pednstream.ltm.network - INFO - Controller node 2: Added 0 detour path(s) for OD (0, 8)
2026-02-16 15:28:38,139 - pednstream.ltm.network - INFO - Network initialization started, assign flows type: classic
2026-02-16 15:28:38,139 - pednstream.ltm.network - INFO - Controller configuration: enabled: True, nodes: {2}, links: []
2026-02-16 15:28:38,139 - pednstream.ltm.network - INFO - Total demand of origin node 0: 24871
2026-02-16 15:28:38,139 - pednstream.ltm.network - INFO - Total demand of origin node 1: 25482
2026-02-16 15:28:38,140 - pednstream.ltm.network - INFO - Total demand of origin node 7: 16413
2026-02-16 15:28:38,140 - pednstream.ltm.network - INFO - Total demand of origin node 8: 17462
2026-02-16 15:28:38,140 - pednstream.ltm.network - INFO - Network initialized with 9 nodes and 20 links
2026-02-16 15:28:38,142 - pednstream.ltm.network - INFO - Controller node 2: Added 0 detour path(s) for OD (0, 7)
2026-02-16 15:28:38,142 - pednstream.ltm.network - INFO - Controller node 2: Added 0 detour path(s) for OD (7, 1)
2026-02-16 15:28:38,142 - pednstream.ltm.network - INFO - Controller node 2: Added 0 detour path(s) for OD (8, 1)
2026-02-16 15:28:38,143 - pednstream.ltm.network - INFO - Controller node 2: Added 0 detour path(s) for OD (1, 8)
2026-02-16 15:28:38,143 - pednstream.ltm.network - INFO - Controller node 2: Added 0 detour path(s) for OD (7, 0)
2026-02-16 15:28:38,144 - pednstream.ltm.network - INFO - Controller node 2: Added 0 detour path(s) for OD (8, 0)
2026-02-16 15:28:38,144 - pednstream.ltm.network - INFO - Controller node 2: Added 0 detour path(s) for OD (1, 7)
2026-02-16 15:28:38,145 - pednstream.ltm.network - INFO - Controller node 2: Added 0 detour path(s) for OD (0, 8)
2026-02-16 15:28:46,712 - pednstream.ltm.network - INFO - Network initialization started, assign flows type: classic
2026-02-16 15:28:46,712 - pednstream.ltm.network - INFO - Controller configuration: enabled: True, nodes: {2}, links: []
2026-02-16 15:28:46,712 - pednstream.ltm.network - INFO - Total demand of origin node 0: 24856
2026-02-16 15:28:46,712 - pednstream.ltm.network - INFO - Total demand of origin node 1: 25553
2026-02-16 15:28:46,713 - pednstream.ltm.network - INFO - Total demand of origin node 7: 16550
2026-02-16 15:28:46,713 - pednstream.ltm.network - INFO - Total demand of origin node 8: 21278
2026-02-16 15:28:46,713 - pednstream.ltm.network - INFO - Network initialized with 9 nodes and 20 links
2026-02-16 15:28:46,715 - pednstream.ltm.network - INFO - Controller node 2: Added 0 detour path(s) for OD (0, 7)
2026-02-16 15:28:46,715 - pednstream.ltm.network - INFO - Controller node 2: Added 0 detour path(s) for OD (7, 1)
2026-02-16 15:28:46,715 - pednstream.ltm.network - INFO - Controller node 2: Added 0 detour path(s) for OD (8, 1)
2026-02-16 15:28:46,716 - pednstream.ltm.network - INFO - Controller node 2: Added 0 detour path(s) for OD (1, 8)
2026-02-16 15:28:46,716 - pednstream.ltm.network - INFO - Controller node 2: Added 0 detour path(s) for OD (7, 0)
2026-02-16 15:28:46,717 - pednstream.ltm.network - INFO - Controller node 2: Added 0 detour path(s) for OD (8, 0)
2026-02-16 15:28:46,717 - pednstream.ltm.network - INFO - Controller node 2: Added 0 detour path(s) for OD (1, 7)
2026-02-16 15:28:46,718 - pednstream.ltm.network - INFO - Controller node 2: Added 0 detour path(s) for OD (0, 8)
2026-02-16 15:28:46,719 - pednstream.ltm.network - INFO - Network initialization started, assign flows type: classic
2026-02-16 15:28:46,719 - pednstream.ltm.network - INFO - Controller configuration: enabled: True, nodes: {2}, links: []
2026-02-16 15:28:46,719 - pednstream.ltm.network - INFO - Total demand of origin node 0: 15108
2026-02-16 15:28:46,719 - pednstream.ltm.network - INFO - Total demand of origin node 1: 25589
2026-02-16 15:28:46,719 - pednstream.ltm.network - INFO - Total demand of origin node 7: 16493
2026-02-16 15:28:46,720 - pednstream.ltm.network - INFO - Total demand of origin node 8: 31325
2026-02-16 15:28:46,720 - pednstream.ltm.network - INFO - Network initialized with 9 nodes and 20 links
2026-02-16 15:28:46,721 - pednstream.ltm.network - INFO - Controller node 2: Added 0 detour path(s) for OD (0, 7)
2026-02-16 15:28:46,722 - pednstream.ltm.network - INFO - Controller node 2: Added 0 detour path(s) for OD (7, 1)
2026-02-16 15:28:46,722 - pednstream.ltm.network - INFO - Controller node 2: Added 0 detour path(s) for OD (8, 1)
2026-02-16 15:28:46,723 - pednstream.ltm.network - INFO - Controller node 2: Added 0 detour path(s) for OD (1, 8)
2026-02-16 15:28:46,723 - pednstream.ltm.network - INFO - Controller node 2: Added 0 detour path(s) for OD (7, 0)
2026-02-16 15:28:46,724 - pednstream.ltm.network - INFO - Controller node 2: Added 0 detour path(s) for OD (8, 0)
2026-02-16 15:28:46,724 - pednstream.ltm.network - INFO - Controller node 2: Added 0 detour path(s) for OD (1, 7)
2026-02-16 15:28:46,725 - pednstream.ltm.network - INFO - Controller node 2: Added 0 detour path(s) for OD (0, 8)
2026-02-16 15:29:33,680 - pednstream.ltm.network - INFO - Network initialization started, assign flows type: classic
2026-02-16 15:29:33,680 - pednstream.ltm.network - INFO - Controller configuration: enabled: True, nodes: {2}, links: []
2026-02-16 15:29:33,681 - pednstream.ltm.network - INFO - Total demand of origin node 0: 18975
2026-02-16 15:29:33,681 - pednstream.ltm.network - INFO - Total demand of origin node 1: 13597
2026-02-16 15:29:33,682 - pednstream.ltm.network - INFO - Total demand of origin node 7: 16929
2026-02-16 15:29:33,682 - pednstream.ltm.network - INFO - Total demand of origin node 8: 28002
2026-02-16 15:29:33,682 - pednstream.ltm.network - INFO - Network initialized with 9 nodes and 20 links
2026-02-16 15:29:33,684 - pednstream.ltm.network - INFO - Controller node 2: Added 0 detour path(s) for OD (0, 7)
2026-02-16 15:29:33,684 - pednstream.ltm.network - INFO - Controller node 2: Added 0 detour path(s) for OD (7, 1)
2026-02-16 15:29:33,685 - pednstream.ltm.network - INFO - Controller node 2: Added 0 detour path(s) for OD (8, 1)
2026-02-16 15:29:33,685 - pednstream.ltm.network - INFO - Controller node 2: Added 0 detour path(s) for OD (1, 8)
2026-02-16 15:29:33,686 - pednstream.ltm.network - INFO - Controller node 2: Added 0 detour path(s) for OD (7, 0)
2026-02-16 15:29:33,686 - pednstream.ltm.network - INFO - Controller node 2: Added 0 detour path(s) for OD (8, 0)
2026-02-16 15:29:33,687 - pednstream.ltm.network - INFO - Controller node 2: Added 0 detour path(s) for OD (1, 7)
2026-02-16 15:29:33,687 - pednstream.ltm.network - INFO - Controller node 2: Added 0 detour path(s) for OD (0, 8)
2026-02-16 15:29:33,689 - pednstream.ltm.network - INFO - Network initialization started, assign flows type: classic
2026-02-16 15:29:33,689 - pednstream.ltm.network - INFO - Controller configuration: enabled: True, nodes: {2}, links: []
2026-02-16 15:29:33,689 - pednstream.ltm.network - INFO - Total demand of origin node 0: 18665
2026-02-16 15:29:33,689 - pednstream.ltm.network - INFO - Total demand of origin node 1: 13398
2026-02-16 15:29:33,689 - pednstream.ltm.network - INFO - Total demand of origin node 7: 16472
2026-02-16 15:29:33,689 - pednstream.ltm.network - INFO - Total demand of origin node 8: 31939
2026-02-16 15:29:33,690 - pednstream.ltm.network - INFO - Network initialized with 9 nodes and 20 links
2026-02-16 15:29:33,691 - pednstream.ltm.network - INFO - Controller node 2: Added 0 detour path(s) for OD (0, 7)
2026-02-16 15:29:33,692 - pednstream.ltm.network - INFO - Controller node 2: Added 0 detour path(s) for OD (7, 1)
2026-02-16 15:29:33,692 - pednstream.ltm.network - INFO - Controller node 2: Added 0 detour path(s) for OD (8, 1)
2026-02-16 15:29:33,693 - pednstream.ltm.network - INFO - Controller node 2: Added 0 detour path(s) for OD (1, 8)
2026-02-16 15:29:33,693 - pednstream.ltm.network - INFO - Controller node 2: Added 0 detour path(s) for OD (7, 0)
2026-02-16 15:29:33,693 - pednstream.ltm.network - INFO - Controller node 2: Added 0 detour path(s) for OD (8, 0)
2026-02-16 15:29:33,694 - pednstream.ltm.network - INFO - Controller node 2: Added 0 detour path(s) for OD (1, 7)
2026-02-16 15:29:33,694 - pednstream.ltm.network - INFO - Controller node 2: Added 0 detour path(s) for OD (0, 8)
2026-02-16 15:30:19,841 - pednstream.ltm.network - INFO - Network initialization started, assign flows type: classic
2026-02-16 15:30:19,842 - pednstream.ltm.network - INFO - Controller configuration: enabled: True, nodes: {2}, links: []
2026-02-16 15:30:19,843 - pednstream.ltm.network - INFO - Total demand of origin node 0: 16124
2026-02-16 15:30:19,843 - pednstream.ltm.network - INFO - Total demand of origin node 1: 13339
2026-02-16 15:30:19,844 - pednstream.ltm.network - INFO - Total demand of origin node 7: 16568
2026-02-16 15:30:19,844 - pednstream.ltm.network - INFO - Total demand of origin node 8: 13810
2026-02-16 15:30:19,844 - pednstream.ltm.network - INFO - Network initialized with 9 nodes and 20 links
2026-02-16 15:30:19,846 - pednstream.ltm.network - INFO - Controller node 2: Added 0 detour path(s) for OD (0, 7)
2026-02-16 15:30:19,846 - pednstream.ltm.network - INFO - Controller node 2: Added 0 detour path(s) for OD (7, 1)
2026-02-16 15:30:19,847 - pednstream.ltm.network - INFO - Controller node 2: Added 0 detour path(s) for OD (8, 1)
2026-02-16 15:30:19,847 - pednstream.ltm.network - INFO - Controller node 2: Added 0 detour path(s) for OD (1, 8)
2026-02-16 15:30:19,847 - pednstream.ltm.network - INFO - Controller node 2: Added 0 detour path(s) for OD (7, 0)
2026-02-16 15:30:19,848 - pednstream.ltm.network - INFO - Controller node 2: Added 0 detour path(s) for OD (8, 0)
2026-02-16 15:30:19,848 - pednstream.ltm.network - INFO - Controller node 2: Added 0 detour path(s) for OD (1, 7)
2026-02-16 15:30:19,849 - pednstream.ltm.network - INFO - Controller node 2: Added 0 detour path(s) for OD (0, 8)
2026-02-16 15:30:19,851 - pednstream.ltm.network - INFO - Network initialization started, assign flows type: classic
2026-02-16 15:30:19,851 - pednstream.ltm.network - INFO - Controller configuration: enabled: True, nodes: {2}, links: []
2026-02-16 15:30:19,851 - pednstream.ltm.network - INFO - Total demand of origin node 0: 21404
2026-02-16 15:30:19,851 - pednstream.ltm.network - INFO - Total demand of origin node 1: 13527
2026-02-16 15:30:19,851 - pednstream.ltm.network - INFO - Total demand of origin node 7: 16654
2026-02-16 15:30:19,851 - pednstream.ltm.network - INFO - Total demand of origin node 8: 28938
2026-02-16 15:30:19,852 - pednstream.ltm.network - INFO - Network initialized with 9 nodes and 20 links
2026-02-16 15:30:19,853 - pednstream.ltm.network - INFO - Controller node 2: Added 0 detour path(s) for OD (0, 7)
2026-02-16 15:30:19,853 - pednstream.ltm.network - INFO - Controller node 2: Added 0 detour path(s) for OD (7, 1)
2026-02-16 15:30:19,854 - pednstream.ltm.network - INFO - Controller node 2: Added 0 detour path(s) for OD (8, 1)
2026-02-16 15:30:19,854 - pednstream.ltm.network - INFO - Controller node 2: Added 0 detour path(s) for OD (1, 8)
2026-02-16 15:30:19,854 - pednstream.ltm.network - INFO - Controller node 2: Added 0 detour path(s) for OD (7, 0)
2026-02-16 15:30:19,855 - pednstream.ltm.network - INFO - Controller node 2: Added 0 detour path(s) for OD (8, 0)
2026-02-16 15:30:19,855 - pednstream.ltm.network - INFO - Controller node 2: Added 0 detour path(s) for OD (1, 7)
2026-02-16 15:30:19,856 - pednstream.ltm.network - INFO - Controller node 2: Added 0 detour path(s) for OD (0, 8)
2026-02-16 15:31:40,007 - pednstream.ltm.network - INFO - Network initialization started, assign flows type: classic
2026-02-16 15:31:40,008 - pednstream.ltm.network - INFO - Controller configuration: enabled: True, nodes: {2}, links: []
2026-02-16 15:31:40,009 - pednstream.ltm.network - INFO - Total demand of origin node 0: 32829
2026-02-16 15:31:40,010 - pednstream.ltm.network - INFO - Total demand of origin node 1: 13502
2026-02-16 15:31:40,010 - pednstream.ltm.network - INFO - Total demand of origin node 7: 16529
2026-02-16 15:31:40,010 - pednstream.ltm.network - INFO - Total demand of origin node 8: 29205
2026-02-16 15:31:40,010 - pednstream.ltm.network - INFO - Network initialized with 9 nodes and 20 links
2026-02-16 15:31:40,012 - pednstream.ltm.network - INFO - Controller node 2: Added 0 detour path(s) for OD (0, 7)
2026-02-16 15:31:40,012 - pednstream.ltm.network - INFO - Controller node 2: Added 0 detour path(s) for OD (7, 1)
2026-02-16 15:31:40,013 - pednstream.ltm.network - INFO - Controller node 2: Added 0 detour path(s) for OD (8, 1)
2026-02-16 15:31:40,013 - pednstream.ltm.network - INFO - Controller node 2: Added 0 detour path(s) for OD (1, 8)
2026-02-16 15:31:40,014 - pednstream.ltm.network - INFO - Controller node 2: Added 0 detour path(s) for OD (7, 0)
2026-02-16 15:31:40,014 - pednstream.ltm.network - INFO - Controller node 2: Added 0 detour path(s) for OD (8, 0)
2026-02-16 15:31:40,015 - pednstream.ltm.network - INFO - Controller node 2: Added 0 detour path(s) for OD (1, 7)
2026-02-16 15:31:40,015 - pednstream.ltm.network - INFO - Controller node 2: Added 0 detour path(s) for OD (0, 8)
2026-02-16 15:31:40,016 - pednstream.ltm.network - INFO - Network initialization started, assign flows type: classic
2026-02-16 15:31:40,016 - pednstream.ltm.network - INFO - Controller configuration: enabled: True, nodes: {2}, links: []
2026-02-16 15:31:40,016 - pednstream.ltm.network - INFO - Total demand of origin node 0: 36597
2026-02-16 15:31:40,017 - pednstream.ltm.network - INFO - Total demand of origin node 1: 13487
2026-02-16 15:31:40,017 - pednstream.ltm.network - INFO - Total demand of origin node 7: 16633
2026-02-16 15:31:40,017 - pednstream.ltm.network - INFO - Total demand of origin node 8: 23293
2026-02-16 15:31:40,017 - pednstream.ltm.network - INFO - Network initialized with 9 nodes and 20 links
2026-02-16 15:31:40,019 - pednstream.ltm.network - INFO - Controller node 2: Added 0 detour path(s) for OD (0, 7)
2026-02-16 15:31:40,020 - pednstream.ltm.network - INFO - Controller node 2: Added 0 detour path(s) for OD (7, 1)
2026-02-16 15:31:40,020 - pednstream.ltm.network - INFO - Controller node 2: Added 0 detour path(s) for OD (8, 1)
2026-02-16 15:31:40,021 - pednstream.ltm.network - INFO - Controller node 2: Added 0 detour path(s) for OD (1, 8)
2026-02-16 15:31:40,021 - pednstream.ltm.network - INFO - Controller node 2: Added 0 detour path(s) for OD (7, 0)
2026-02-16 15:31:40,021 - pednstream.ltm.network - INFO - Controller node 2: Added 0 detour path(s) for OD (8, 0)
2026-02-16 15:31:40,022 - pednstream.ltm.network - INFO - Controller node 2: Added 0 detour path(s) for OD (1, 7)
2026-02-16 15:31:40,022 - pednstream.ltm.network - INFO - Controller node 2: Added 0 detour path(s) for OD (0, 8)
2026-02-16 15:33:18,615 - pednstream.ltm.network - INFO - Network initialization started, assign flows type: classic
2026-02-16 15:33:18,615 - pednstream.ltm.network - INFO - Controller configuration: enabled: True, nodes: {2}, links: []
2026-02-16 15:33:18,617 - pednstream.ltm.network - INFO - Total demand of origin node 0: 34627
2026-02-16 15:33:18,617 - pednstream.ltm.network - INFO - Total demand of origin node 1: 13608
2026-02-16 15:33:18,618 - pednstream.ltm.network - INFO - Total demand of origin node 7: 16342
2026-02-16 15:33:18,618 - pednstream.ltm.network - INFO - Total demand of origin node 8: 30044
2026-02-16 15:33:18,618 - pednstream.ltm.network - INFO - Network initialized with 9 nodes and 20 links
2026-02-16 15:33:18,620 - pednstream.ltm.network - INFO - Controller node 2: Added 0 detour path(s) for OD (0, 7)
2026-02-16 15:33:18,620 - pednstream.ltm.network - INFO - Controller node 2: Added 0 detour path(s) for OD (7, 1)
2026-02-16 15:33:18,620 - pednstream.ltm.network - INFO - Controller node 2: Added 0 detour path(s) for OD (8, 1)
2026-02-16 15:33:18,621 - pednstream.ltm.network - INFO - Controller node 2: Added 0 detour path(s) for OD (1, 8)
2026-02-16 15:33:18,621 - pednstream.ltm.network - INFO - Controller node 2: Added 0 detour path(s) for OD (7, 0)
2026-02-16 15:33:18,622 - pednstream.ltm.network - INFO - Controller node 2: Added 0 detour path(s) for OD (8, 0)
2026-02-16 15:33:18,622 - pednstream.ltm.network - INFO - Controller node 2: Added 0 detour path(s) for OD (1, 7)
2026-02-16 15:33:18,623 - pednstream.ltm.network - INFO - Controller node 2: Added 0 detour path(s) for OD (0, 8)
2026-02-16 15:33:18,624 - pednstream.ltm.network - INFO - Network initialization started, assign flows type: classic
2026-02-16 15:33:18,624 - pednstream.ltm.network - INFO - Controller configuration: enabled: True, nodes: {2}, links: []
2026-02-16 15:33:18,624 - pednstream.ltm.network - INFO - Total demand of origin node 0: 36597
2026-02-16 15:33:18,625 - pednstream.ltm.network - INFO - Total demand of origin node 1: 13487
2026-02-16 15:33:18,625 - pednstream.ltm.network - INFO - Total demand of origin node 7: 16633
2026-02-16 15:33:18,625 - pednstream.ltm.network - INFO - Total demand of origin node 8: 23293
2026-02-16 15:33:18,625 - pednstream.ltm.network - INFO - Network initialized with 9 nodes and 20 links
2026-02-16 15:33:18,627 - pednstream.ltm.network - INFO - Controller node 2: Added 0 detour path(s) for OD (0, 7)
2026-02-16 15:33:18,627 - pednstream.ltm.network - INFO - Controller node 2: Added 0 detour path(s) for OD (7, 1)
2026-02-16 15:33:18,628 - pednstream.ltm.network - INFO - Controller node 2: Added 0 detour path(s) for OD (8, 1)
2026-02-16 15:33:18,628 - pednstream.ltm.network - INFO - Controller node 2: Added 0 detour path(s) for OD (1, 8)
2026-02-16 15:33:18,629 - pednstream.ltm.network - INFO - Controller node 2: Added 0 detour path(s) for OD (7, 0)
2026-02-16 15:33:18,629 - pednstream.ltm.network - INFO - Controller node 2: Added 0 detour path(s) for OD (8, 0)
2026-02-16 15:33:18,630 - pednstream.ltm.network - INFO - Controller node 2: Added 0 detour path(s) for OD (1, 7)
2026-02-16 15:33:18,630 - pednstream.ltm.network - INFO - Controller node 2: Added 0 detour path(s) for OD (0, 8)
2026-02-16 15:33:32,314 - pednstream.ltm.network - INFO - Network initialization started, assign flows type: classic
2026-02-16 15:33:32,314 - pednstream.ltm.network - INFO - Controller configuration: enabled: True, nodes: {2}, links: []
2026-02-16 15:33:32,314 - pednstream.ltm.network - INFO - Total demand of origin node 0: 29955
2026-02-16 15:33:32,314 - pednstream.ltm.network - INFO - Total demand of origin node 1: 13480
2026-02-16 15:33:32,315 - pednstream.ltm.network - INFO - Total demand of origin node 7: 16479
2026-02-16 15:33:32,315 - pednstream.ltm.network - INFO - Total demand of origin node 8: 17757
2026-02-16 15:33:32,315 - pednstream.ltm.network - INFO - Network initialized with 9 nodes and 20 links
2026-02-16 15:33:32,316 - pednstream.ltm.network - INFO - Controller node 2: Added 0 detour path(s) for OD (0, 7)
2026-02-16 15:33:32,317 - pednstream.ltm.network - INFO - Controller node 2: Added 0 detour path(s) for OD (7, 1)
2026-02-16 15:33:32,317 - pednstream.ltm.network - INFO - Controller node 2: Added 0 detour path(s) for OD (8, 1)
2026-02-16 15:33:32,318 - pednstream.ltm.network - INFO - Controller node 2: Added 0 detour path(s) for OD (1, 8)
2026-02-16 15:33:32,318 - pednstream.ltm.network - INFO - Controller node 2: Added 0 detour path(s) for OD (7, 0)
2026-02-16 15:33:32,318 - pednstream.ltm.network - INFO - Controller node 2: Added 0 detour path(s) for OD (8, 0)
2026-02-16 15:33:32,319 - pednstream.ltm.network - INFO - Controller node 2: Added 0 detour path(s) for OD (1, 7)
2026-02-16 15:33:32,320 - pednstream.ltm.network - INFO - Controller node 2: Added 0 detour path(s) for OD (0, 8)
2026-02-16 15:33:32,320 - pednstream.ltm.network - INFO - Network initialization started, assign flows type: classic
2026-02-16 15:33:32,321 - pednstream.ltm.network - INFO - Controller configuration: enabled: True, nodes: {2}, links: []
2026-02-16 15:33:32,321 - pednstream.ltm.network - INFO - Total demand of origin node 0: 36597
2026-02-16 15:33:32,321 - pednstream.ltm.network - INFO - Total demand of origin node 1: 13487
2026-02-16 15:33:32,321 - pednstream.ltm.network - INFO - Total demand of origin node 7: 16633
2026-02-16 15:33:32,321 - pednstream.ltm.network - INFO - Total demand of origin node 8: 23293
2026-02-16 15:33:32,321 - pednstream.ltm.network - INFO - Network initialized with 9 nodes and 20 links
2026-02-16 15:33:32,323 - pednstream.ltm.network - INFO - Controller node 2: Added 0 detour path(s) for OD (0, 7)
2026-02-16 15:33:32,323 - pednstream.ltm.network - INFO - Controller node 2: Added 0 detour path(s) for OD (7, 1)
2026-02-16 15:33:32,324 - pednstream.ltm.network - INFO - Controller node 2: Added 0 detour path(s) for OD (8, 1)
2026-02-16 15:33:32,324 - pednstream.ltm.network - INFO - Controller node 2: Added 0 detour path(s) for OD (1, 8)
2026-02-16 15:33:32,324 - pednstream.ltm.network - INFO - Controller node 2: Added 0 detour path(s) for OD (7, 0)
2026-02-16 15:33:32,325 - pednstream.ltm.network - INFO - Controller node 2: Added 0 detour path(s) for OD (8, 0)
2026-02-16 15:33:32,325 - pednstream.ltm.network - INFO - Controller node 2: Added 0 detour path(s) for OD (1, 7)
2026-02-16 15:33:32,326 - pednstream.ltm.network - INFO - Controller node 2: Added 0 detour path(s) for OD (0, 8)
2026-02-16 15:34:41,797 - pednstream.ltm.network - INFO - Network initialization started, assign flows type: classic
2026-02-16 15:34:41,797 - pednstream.ltm.network - INFO - Controller configuration: enabled: True, nodes: {2}, links: []
2026-02-16 15:34:41,799 - pednstream.ltm.network - INFO - Total demand of origin node 0: 20371
2026-02-16 15:34:41,799 - pednstream.ltm.network - INFO - Total demand of origin node 1: 19516
2026-02-16 15:34:41,799 - pednstream.ltm.network - INFO - Total demand of origin node 7: 16407
2026-02-16 15:34:41,800 - pednstream.ltm.network - INFO - Total demand of origin node 8: 21725
2026-02-16 15:34:41,800 - pednstream.ltm.network - INFO - Network initialized with 9 nodes and 20 links
2026-02-16 15:34:41,801 - pednstream.ltm.network - INFO - Controller node 2: Added 0 detour path(s) for OD (0, 7)
2026-02-16 15:34:41,802 - pednstream.ltm.network - INFO - Controller node 2: Added 0 detour path(s) for OD (7, 1)
2026-02-16 15:34:41,802 - pednstream.ltm.network - INFO - Controller node 2: Added 0 detour path(s) for OD (8, 1)
2026-02-16 15:34:41,803 - pednstream.ltm.network - INFO - Controller node 2: Added 0 detour path(s) for OD (1, 8)
2026-02-16 15:34:41,803 - pednstream.ltm.network - INFO - Controller node 2: Added 0 detour path(s) for OD (7, 0)
2026-02-16 15:34:41,803 - pednstream.ltm.network - INFO - Controller node 2: Added 0 detour path(s) for OD (8, 0)
2026-02-16 15:34:41,804 - pednstream.ltm.network - INFO - Controller node 2: Added 0 detour path(s) for OD (1, 7)
2026-02-16 15:34:41,804 - pednstream.ltm.network - INFO - Controller node 2: Added 0 detour path(s) for OD (0, 8)
2026-02-16 15:34:41,806 - pednstream.ltm.network - INFO - Network initialization started, assign flows type: classic
2026-02-16 15:34:41,806 - pednstream.ltm.network - INFO - Controller configuration: enabled: True, nodes: {2}, links: []
2026-02-16 15:34:41,806 - pednstream.ltm.network - INFO - Total demand of origin node 0: 36597
2026-02-16 15:34:41,806 - pednstream.ltm.network - INFO - Total demand of origin node 1: 19514
2026-02-16 15:34:41,807 - pednstream.ltm.network - INFO - Total demand of origin node 7: 16632
2026-02-16 15:34:41,807 - pednstream.ltm.network - INFO - Total demand of origin node 8: 24599
2026-02-16 15:34:41,807 - pednstream.ltm.network - INFO - Network initialized with 9 nodes and 20 links
2026-02-16 15:34:41,808 - pednstream.ltm.network - INFO - Controller node 2: Added 0 detour path(s) for OD (0, 7)
2026-02-16 15:34:41,809 - pednstream.ltm.network - INFO - Controller node 2: Added 0 detour path(s) for OD (7, 1)
2026-02-16 15:34:41,809 - pednstream.ltm.network - INFO - Controller node 2: Added 0 detour path(s) for OD (8, 1)
2026-02-16 15:34:41,810 - pednstream.ltm.network - INFO - Controller node 2: Added 0 detour path(s) for OD (1, 8)
2026-02-16 15:34:41,810 - pednstream.ltm.network - INFO - Controller node 2: Added 0 detour path(s) for OD (7, 0)
2026-02-16 15:34:41,810 - pednstream.ltm.network - INFO - Controller node 2: Added 0 detour path(s) for OD (8, 0)
2026-02-16 15:34:41,811 - pednstream.ltm.network - INFO - Controller node 2: Added 0 detour path(s) for OD (1, 7)
2026-02-16 15:34:41,811 - pednstream.ltm.network - INFO - Controller node 2: Added 0 detour path(s) for OD (0, 8)
2026-02-16 15:35:15,685 - pednstream.ltm.network - INFO - Network initialization started, assign flows type: classic
2026-02-16 15:35:15,685 - pednstream.ltm.network - INFO - Controller configuration: enabled: True, nodes: {2}, links: []
2026-02-16 15:35:15,685 - pednstream.ltm.network - INFO - Total demand of origin node 0: 21025
2026-02-16 15:35:15,685 - pednstream.ltm.network - INFO - Total demand of origin node 1: 19496
2026-02-16 15:35:15,686 - pednstream.ltm.network - INFO - Total demand of origin node 7: 16765
2026-02-16 15:35:15,686 - pednstream.ltm.network - INFO - Total demand of origin node 8: 22467
2026-02-16 15:35:15,686 - pednstream.ltm.network - INFO - Network initialized with 9 nodes and 20 links
2026-02-16 15:35:15,687 - pednstream.ltm.network - INFO - Controller node 2: Added 0 detour path(s) for OD (0, 7)
2026-02-16 15:35:15,688 - pednstream.ltm.network - INFO - Controller node 2: Added 0 detour path(s) for OD (7, 1)
2026-02-16 15:35:15,688 - pednstream.ltm.network - INFO - Controller node 2: Added 0 detour path(s) for OD (8, 1)
2026-02-16 15:35:15,689 - pednstream.ltm.network - INFO - Controller node 2: Added 0 detour path(s) for OD (1, 8)
2026-02-16 15:35:15,689 - pednstream.ltm.network - INFO - Controller node 2: Added 0 detour path(s) for OD (7, 0)
2026-02-16 15:35:15,690 - pednstream.ltm.network - INFO - Controller node 2: Added 0 detour path(s) for OD (8, 0)
2026-02-16 15:35:15,690 - pednstream.ltm.network - INFO - Controller node 2: Added 0 detour path(s) for OD (1, 7)
2026-02-16 15:35:15,691 - pednstream.ltm.network - INFO - Controller node 2: Added 0 detour path(s) for OD (0, 8)
2026-02-16 15:35:15,692 - pednstream.ltm.network - INFO - Network initialization started, assign flows type: classic
2026-02-16 15:35:15,692 - pednstream.ltm.network - INFO - Controller configuration: enabled: True, nodes: {2}, links: []
2026-02-16 15:35:15,692 - pednstream.ltm.network - INFO - Total demand of origin node 0: 36597
2026-02-16 15:35:15,692 - pednstream.ltm.network - INFO - Total demand of origin node 1: 19514
2026-02-16 15:35:15,692 - pednstream.ltm.network - INFO - Total demand of origin node 7: 16632
2026-02-16 15:35:15,693 - pednstream.ltm.network - INFO - Total demand of origin node 8: 24599
2026-02-16 15:35:15,693 - pednstream.ltm.network - INFO - Network initialized with 9 nodes and 20 links
2026-02-16 15:35:15,694 - pednstream.ltm.network - INFO - Controller node 2: Added 0 detour path(s) for OD (0, 7)
2026-02-16 15:35:15,695 - pednstream.ltm.network - INFO - Controller node 2: Added 0 detour path(s) for OD (7, 1)
2026-02-16 15:35:15,695 - pednstream.ltm.network - INFO - Controller node 2: Added 0 detour path(s) for OD (8, 1)
2026-02-16 15:35:15,696 - pednstream.ltm.network - INFO - Controller node 2: Added 0 detour path(s) for OD (1, 8)
2026-02-16 15:35:15,696 - pednstream.ltm.network - INFO - Controller node 2: Added 0 detour path(s) for OD (7, 0)
2026-02-16 15:35:15,696 - pednstream.ltm.network - INFO - Controller node 2: Added 0 detour path(s) for OD (8, 0)
2026-02-16 15:35:15,697 - pednstream.ltm.network - INFO - Controller node 2: Added 0 detour path(s) for OD (1, 7)
2026-02-16 15:35:15,697 - pednstream.ltm.network - INFO - Controller node 2: Added 0 detour path(s) for OD (0, 8)
2026-02-16 15:36:10,966 - pednstream.ltm.network - INFO - Network initialization started, assign flows type: classic
2026-02-16 15:36:10,967 - pednstream.ltm.network - INFO - Controller configuration: enabled: True, nodes: {2}, links: []
2026-02-16 15:36:10,968 - pednstream.ltm.network - INFO - Total demand of origin node 0: 18275
2026-02-16 15:36:10,968 - pednstream.ltm.network - INFO - Total demand of origin node 1: 16624
2026-02-16 15:36:10,969 - pednstream.ltm.network - INFO - Total demand of origin node 7: 16341
2026-02-16 15:36:10,969 - pednstream.ltm.network - INFO - Total demand of origin node 8: 22917
2026-02-16 15:36:10,969 - pednstream.ltm.network - INFO - Network initialized with 9 nodes and 20 links
2026-02-16 15:36:10,970 - pednstream.ltm.network - INFO - Controller node 2: Added 0 detour path(s) for OD (0, 7)
2026-02-16 15:36:10,971 - pednstream.ltm.network - INFO - Controller node 2: Added 0 detour path(s) for OD (7, 1)
2026-02-16 15:36:10,971 - pednstream.ltm.network - INFO - Controller node 2: Added 0 detour path(s) for OD (8, 1)
2026-02-16 15:36:10,972 - pednstream.ltm.network - INFO - Controller node 2: Added 0 detour path(s) for OD (1, 8)
2026-02-16 15:36:10,972 - pednstream.ltm.network - INFO - Controller node 2: Added 0 detour path(s) for OD (7, 0)
2026-02-16 15:36:10,973 - pednstream.ltm.network - INFO - Controller node 2: Added 0 detour path(s) for OD (8, 0)
2026-02-16 15:36:10,973 - pednstream.ltm.network - INFO - Controller node 2: Added 0 detour path(s) for OD (1, 7)
2026-02-16 15:36:10,974 - pednstream.ltm.network - INFO - Controller node 2: Added 0 detour path(s) for OD (0, 8)
2026-02-16 15:36:10,975 - pednstream.ltm.network - INFO - Network initialization started, assign flows type: classic
2026-02-16 15:36:10,975 - pednstream.ltm.network - INFO - Controller configuration: enabled: True, nodes: {2}, links: []
2026-02-16 15:36:10,975 - pednstream.ltm.network - INFO - Total demand of origin node 0: 36597
2026-02-16 15:36:10,975 - pednstream.ltm.network - INFO - Total demand of origin node 1: 16464
2026-02-16 15:36:10,976 - pednstream.ltm.network - INFO - Total demand of origin node 7: 16651
2026-02-16 15:36:10,976 - pednstream.ltm.network - INFO - Total demand of origin node 8: 31431
2026-02-16 15:36:10,976 - pednstream.ltm.network - INFO - Network initialized with 9 nodes and 20 links
2026-02-16 15:36:10,978 - pednstream.ltm.network - INFO - Controller node 2: Added 0 detour path(s) for OD (0, 7)
2026-02-16 15:36:10,978 - pednstream.ltm.network - INFO - Controller node 2: Added 0 detour path(s) for OD (7, 1)
2026-02-16 15:36:10,979 - pednstream.ltm.network - INFO - Controller node 2: Added 0 detour path(s) for OD (8, 1)
2026-02-16 15:36:10,979 - pednstream.ltm.network - INFO - Controller node 2: Added 0 detour path(s) for OD (1, 8)
2026-02-16 15:36:10,980 - pednstream.ltm.network - INFO - Controller node 2: Added 0 detour path(s) for OD (7, 0)
2026-02-16 15:36:10,980 - pednstream.ltm.network - INFO - Controller node 2: Added 0 detour path(s) for OD (8, 0)
2026-02-16 15:36:10,980 - pednstream.ltm.network - INFO - Controller node 2: Added 0 detour path(s) for OD (1, 7)
2026-02-16 15:36:10,981 - pednstream.ltm.network - INFO - Controller node 2: Added 0 detour path(s) for OD (0, 8)
2026-02-16 15:37:22,423 - pednstream.ltm.network - INFO - Network initialization started, assign flows type: classic
2026-02-16 15:37:22,424 - pednstream.ltm.network - INFO - Controller configuration: enabled: True, nodes: {2}, links: []
2026-02-16 15:37:22,424 - pednstream.ltm.network - INFO - Total demand of origin node 0: 38040
2026-02-16 15:37:22,424 - pednstream.ltm.network - INFO - Total demand of origin node 1: 16646
2026-02-16 15:37:22,425 - pednstream.ltm.network - INFO - Total demand of origin node 7: 16677
2026-02-16 15:37:22,425 - pednstream.ltm.network - INFO - Total demand of origin node 8: 32079
2026-02-16 15:37:22,425 - pednstream.ltm.network - INFO - Network initialized with 9 nodes and 20 links
2026-02-16 15:37:22,427 - pednstream.ltm.network - INFO - Controller node 2: Added 0 detour path(s) for OD (0, 7)
2026-02-16 15:37:22,427 - pednstream.ltm.network - INFO - Controller node 2: Added 0 detour path(s) for OD (7, 1)
2026-02-16 15:37:22,427 - pednstream.ltm.network - INFO - Controller node 2: Added 0 detour path(s) for OD (8, 1)
2026-02-16 15:37:22,428 - pednstream.ltm.network - INFO - Controller node 2: Added 0 detour path(s) for OD (1, 8)
2026-02-16 15:37:22,428 - pednstream.ltm.network - INFO - Controller node 2: Added 0 detour path(s) for OD (7, 0)
2026-02-16 15:37:22,429 - pednstream.ltm.network - INFO - Controller node 2: Added 0 detour path(s) for OD (8, 0)
2026-02-16 15:37:22,429 - pednstream.ltm.network - INFO - Controller node 2: Added 0 detour path(s) for OD (1, 7)
2026-02-16 15:37:22,430 - pednstream.ltm.network - INFO - Controller node 2: Added 0 detour path(s) for OD (0, 8)
2026-02-16 15:37:22,431 - pednstream.ltm.network - INFO - Network initialization started, assign flows type: classic
2026-02-16 15:37:22,431 - pednstream.ltm.network - INFO - Controller configuration: enabled: True, nodes: {2}, links: []
2026-02-16 15:37:22,431 - pednstream.ltm.network - INFO - Total demand of origin node 0: 36597
2026-02-16 15:37:22,431 - pednstream.ltm.network - INFO - Total demand of origin node 1: 16464
2026-02-16 15:37:22,432 - pednstream.ltm.network - INFO - Total demand of origin node 7: 16651
2026-02-16 15:37:22,432 - pednstream.ltm.network - INFO - Total demand of origin node 8: 31431
2026-02-16 15:37:22,432 - pednstream.ltm.network - INFO - Network initialized with 9 nodes and 20 links
2026-02-16 15:37:22,434 - pednstream.ltm.network - INFO - Controller node 2: Added 0 detour path(s) for OD (0, 7)
2026-02-16 15:37:22,434 - pednstream.ltm.network - INFO - Controller node 2: Added 0 detour path(s) for OD (7, 1)
2026-02-16 15:37:22,435 - pednstream.ltm.network - INFO - Controller node 2: Added 0 detour path(s) for OD (8, 1)
2026-02-16 15:37:22,435 - pednstream.ltm.network - INFO - Controller node 2: Added 0 detour path(s) for OD (1, 8)
2026-02-16 15:37:22,436 - pednstream.ltm.network - INFO - Controller node 2: Added 0 detour path(s) for OD (7, 0)
2026-02-16 15:37:22,436 - pednstream.ltm.network - INFO - Controller node 2: Added 0 detour path(s) for OD (8, 0)
2026-02-16 15:37:22,437 - pednstream.ltm.network - INFO - Controller node 2: Added 0 detour path(s) for OD (1, 7)
2026-02-16 15:37:22,437 - pednstream.ltm.network - INFO - Controller node 2: Added 0 detour path(s) for OD (0, 8)
2026-02-17 12:45:59,578 - pednstream.ltm.network - INFO - Network initialization started, assign flows type: classic
2026-02-17 12:45:59,579 - pednstream.ltm.network - INFO - Controller configuration: enabled: True, nodes: {2}, links: []
2026-02-17 12:45:59,580 - pednstream.ltm.network - INFO - Total demand of origin node 0: 34928
2026-02-17 12:45:59,581 - pednstream.ltm.network - INFO - Total demand of origin node 1: 19559
2026-02-17 12:45:59,581 - pednstream.ltm.network - INFO - Total demand of origin node 7: 16508
2026-02-17 12:45:59,581 - pednstream.ltm.network - INFO - Total demand of origin node 8: 37218
2026-02-17 12:45:59,581 - pednstream.ltm.network - INFO - Network initialized with 9 nodes and 20 links
2026-02-17 12:45:59,583 - pednstream.ltm.network - INFO - Controller node 2: Added 0 detour path(s) for OD (0, 7)
2026-02-17 12:45:59,583 - pednstream.ltm.network - INFO - Controller node 2: Added 0 detour path(s) for OD (7, 1)
2026-02-17 12:45:59,584 - pednstream.ltm.network - INFO - Controller node 2: Added 0 detour path(s) for OD (8, 1)
2026-02-17 12:45:59,584 - pednstream.ltm.network - INFO - Controller node 2: Added 0 detour path(s) for OD (1, 8)
2026-02-17 12:45:59,585 - pednstream.ltm.network - INFO - Controller node 2: Added 0 detour path(s) for OD (7, 0)
2026-02-17 12:45:59,585 - pednstream.ltm.network - INFO - Controller node 2: Added 0 detour path(s) for OD (8, 0)
2026-02-17 12:45:59,585 - pednstream.ltm.network - INFO - Controller node 2: Added 0 detour path(s) for OD (1, 7)
2026-02-17 12:45:59,586 - pednstream.ltm.network - INFO - Controller node 2: Added 0 detour path(s) for OD (0, 8)
2026-02-17 12:45:59,592 - pednstream.ltm.network - INFO - Network initialization started, assign flows type: classic
2026-02-17 12:45:59,592 - pednstream.ltm.network - INFO - Controller configuration: enabled: True, nodes: {2}, links: []
2026-02-17 12:45:59,592 - pednstream.ltm.network - INFO - Total demand of origin node 0: 37018
2026-02-17 12:45:59,592 - pednstream.ltm.network - INFO - Total demand of origin node 1: 21139
2026-02-17 12:45:59,592 - pednstream.ltm.network - INFO - Total demand of origin node 7: 16091
2026-02-17 12:45:59,593 - pednstream.ltm.network - INFO - Total demand of origin node 8: 20673
2026-02-17 12:45:59,593 - pednstream.ltm.network - INFO - Network initialized with 9 nodes and 20 links
2026-02-17 12:45:59,594 - pednstream.ltm.network - INFO - Controller node 2: Added 0 detour path(s) for OD (0, 1)
2026-02-17 12:45:59,594 - pednstream.ltm.network - INFO - Controller node 2: Added 0 detour path(s) for OD (0, 7)
2026-02-17 12:45:59,595 - pednstream.ltm.network - INFO - Controller node 2: Added 0 detour path(s) for OD (7, 1)
2026-02-17 12:45:59,595 - pednstream.ltm.network - INFO - Controller node 2: Added 0 detour path(s) for OD (8, 1)
2026-02-17 12:45:59,595 - pednstream.ltm.network - INFO - Controller node 2: Added 0 detour path(s) for OD (1, 8)
2026-02-17 12:45:59,596 - pednstream.ltm.network - INFO - Controller node 2: Added 0 detour path(s) for OD (7, 0)
2026-02-17 12:45:59,596 - pednstream.ltm.network - INFO - Controller node 2: Added 0 detour path(s) for OD (8, 0)
2026-02-17 12:45:59,597 - pednstream.ltm.network - INFO - Controller node 2: Added 0 detour path(s) for OD (1, 7)
2026-02-17 12:45:59,597 - pednstream.ltm.network - INFO - Controller node 2: Added 0 detour path(s) for OD (1, 0)
2026-02-17 12:45:59,597 - pednstream.ltm.network - INFO - Controller node 2: Added 0 detour path(s) for OD (0, 8)
2026-02-17 12:46:15,971 - pednstream.ltm.network - INFO - Network initialization started, assign flows type: classic
2026-02-17 12:46:15,971 - pednstream.ltm.network - INFO - Controller configuration: enabled: True, nodes: {2}, links: []
2026-02-17 12:46:15,972 - pednstream.ltm.network - INFO - Total demand of origin node 0: 26741
2026-02-17 12:46:15,972 - pednstream.ltm.network - INFO - Total demand of origin node 1: 19577
2026-02-17 12:46:15,972 - pednstream.ltm.network - INFO - Total demand of origin node 7: 16563
2026-02-17 12:46:15,973 - pednstream.ltm.network - INFO - Total demand of origin node 8: 34594
2026-02-17 12:46:15,973 - pednstream.ltm.network - INFO - Network initialized with 9 nodes and 20 links
2026-02-17 12:46:15,974 - pednstream.ltm.network - INFO - Controller node 2: Added 0 detour path(s) for OD (0, 7)
2026-02-17 12:46:15,975 - pednstream.ltm.network - INFO - Controller node 2: Added 0 detour path(s) for OD (7, 1)
2026-02-17 12:46:15,975 - pednstream.ltm.network - INFO - Controller node 2: Added 0 detour path(s) for OD (8, 1)
2026-02-17 12:46:15,976 - pednstream.ltm.network - INFO - Controller node 2: Added 0 detour path(s) for OD (1, 8)
2026-02-17 12:46:15,976 - pednstream.ltm.network - INFO - Controller node 2: Added 0 detour path(s) for OD (7, 0)
2026-02-17 12:46:15,976 - pednstream.ltm.network - INFO - Controller node 2: Added 0 detour path(s) for OD (8, 0)
2026-02-17 12:46:15,977 - pednstream.ltm.network - INFO - Controller node 2: Added 0 detour path(s) for OD (1, 7)
2026-02-17 12:46:15,977 - pednstream.ltm.network - INFO - Controller node 2: Added 0 detour path(s) for OD (0, 8)
2026-02-17 12:46:15,983 - pednstream.ltm.network - INFO - Network initialization started, assign flows type: classic
2026-02-17 12:46:15,983 - pednstream.ltm.network - INFO - Controller configuration: enabled: True, nodes: {2}, links: []
2026-02-17 12:46:15,983 - pednstream.ltm.network - INFO - Total demand of origin node 0: 37018
2026-02-17 12:46:15,983 - pednstream.ltm.network - INFO - Total demand of origin node 1: 21139
2026-02-17 12:46:15,984 - pednstream.ltm.network - INFO - Total demand of origin node 7: 16091
2026-02-17 12:46:15,984 - pednstream.ltm.network - INFO - Total demand of origin node 8: 20673
2026-02-17 12:46:15,984 - pednstream.ltm.network - INFO - Network initialized with 9 nodes and 20 links
2026-02-17 12:46:15,985 - pednstream.ltm.network - INFO - Controller node 2: Added 0 detour path(s) for OD (0, 1)
2026-02-17 12:46:15,986 - pednstream.ltm.network - INFO - Controller node 2: Added 0 detour path(s) for OD (0, 7)
2026-02-17 12:46:15,986 - pednstream.ltm.network - INFO - Controller node 2: Added 0 detour path(s) for OD (7, 1)
2026-02-17 12:46:15,986 - pednstream.ltm.network - INFO - Controller node 2: Added 0 detour path(s) for OD (8, 1)
2026-02-17 12:46:15,987 - pednstream.ltm.network - INFO - Controller node 2: Added 0 detour path(s) for OD (1, 8)
2026-02-17 12:46:15,987 - pednstream.ltm.network - INFO - Controller node 2: Added 0 detour path(s) for OD (7, 0)
2026-02-17 12:46:15,988 - pednstream.ltm.network - INFO - Controller node 2: Added 0 detour path(s) for OD (8, 0)
2026-02-17 12:46:15,988 - pednstream.ltm.network - INFO - Controller node 2: Added 0 detour path(s) for OD (1, 7)
2026-02-17 12:46:15,988 - pednstream.ltm.network - INFO - Controller node 2: Added 0 detour path(s) for OD (1, 0)
2026-02-17 12:46:15,989 - pednstream.ltm.network - INFO - Controller node 2: Added 0 detour path(s) for OD (0, 8)
2026-02-17 12:46:28,291 - pednstream.ltm.network - INFO - Network initialization started, assign flows type: classic
2026-02-17 12:46:28,291 - pednstream.ltm.network - INFO - Controller configuration: enabled: True, nodes: {2}, links: []
2026-02-17 12:46:28,291 - pednstream.ltm.network - INFO - Total demand of origin node 0: 42824
2026-02-17 12:46:28,291 - pednstream.ltm.network - INFO - Total demand of origin node 1: 19533
2026-02-17 12:46:28,292 - pednstream.ltm.network - INFO - Total demand of origin node 7: 16592
2026-02-17 12:46:28,292 - pednstream.ltm.network - INFO - Total demand of origin node 8: 24589
2026-02-17 12:46:28,292 - pednstream.ltm.network - INFO - Network initialized with 9 nodes and 20 links
2026-02-17 12:46:28,294 - pednstream.ltm.network - INFO - Controller node 2: Added 0 detour path(s) for OD (0, 7)
2026-02-17 12:46:28,294 - pednstream.ltm.network - INFO - Controller node 2: Added 0 detour path(s) for OD (7, 1)
2026-02-17 12:46:28,294 - pednstream.ltm.network - INFO - Controller node 2: Added 0 detour path(s) for OD (8, 1)
2026-02-17 12:46:28,295 - pednstream.ltm.network - INFO - Controller node 2: Added 0 detour path(s) for OD (1, 8)
2026-02-17 12:46:28,295 - pednstream.ltm.network - INFO - Controller node 2: Added 0 detour path(s) for OD (7, 0)
2026-02-17 12:46:28,296 - pednstream.ltm.network - INFO - Controller node 2: Added 0 detour path(s) for OD (8, 0)
2026-02-17 12:46:28,296 - pednstream.ltm.network - INFO - Controller node 2: Added 0 detour path(s) for OD (1, 7)
2026-02-17 12:46:28,297 - pednstream.ltm.network - INFO - Controller node 2: Added 0 detour path(s) for OD (0, 8)
2026-02-17 12:46:28,301 - pednstream.ltm.network - INFO - Network initialization started, assign flows type: classic
2026-02-17 12:46:28,301 - pednstream.ltm.network - INFO - Controller configuration: enabled: True, nodes: {2}, links: []
2026-02-17 12:46:28,301 - pednstream.ltm.network - INFO - Total demand of origin node 0: 32713
2026-02-17 12:46:28,301 - pednstream.ltm.network - INFO - Total demand of origin node 1: 16586.992634463037
2026-02-17 12:46:28,301 - pednstream.ltm.network - INFO - Total demand of origin node 7: 28102
2026-02-17 12:46:28,302 - pednstream.ltm.network - INFO - Total demand of origin node 8: 19393
2026-02-17 12:46:28,302 - pednstream.ltm.network - INFO - Network initialized with 9 nodes and 20 links
2026-02-17 12:46:28,303 - pednstream.ltm.network - INFO - Controller node 2: Added 0 detour path(s) for OD (0, 1)
2026-02-17 12:46:28,304 - pednstream.ltm.network - INFO - Controller node 2: Added 0 detour path(s) for OD (0, 7)
2026-02-17 12:46:28,304 - pednstream.ltm.network - INFO - Controller node 2: Added 0 detour path(s) for OD (7, 1)
2026-02-17 12:46:28,304 - pednstream.ltm.network - INFO - Controller node 2: Added 0 detour path(s) for OD (8, 1)
2026-02-17 12:46:28,305 - pednstream.ltm.network - INFO - Controller node 2: Added 0 detour path(s) for OD (1, 8)
2026-02-17 12:46:28,305 - pednstream.ltm.network - INFO - Controller node 2: Added 0 detour path(s) for OD (7, 0)
2026-02-17 12:46:28,306 - pednstream.ltm.network - INFO - Controller node 2: Added 0 detour path(s) for OD (8, 0)
2026-02-17 12:46:28,306 - pednstream.ltm.network - INFO - Controller node 2: Added 0 detour path(s) for OD (1, 7)
2026-02-17 12:46:28,306 - pednstream.ltm.network - INFO - Controller node 2: Added 0 detour path(s) for OD (1, 0)
2026-02-17 12:46:28,307 - pednstream.ltm.network - INFO - Controller node 2: Added 0 detour path(s) for OD (0, 8)
2026-02-17 12:47:10,208 - pednstream.ltm.network - INFO - Network initialization started, assign flows type: classic
2026-02-17 12:47:10,209 - pednstream.ltm.network - INFO - Controller configuration: enabled: True, nodes: {2}, links: []
2026-02-17 12:47:10,210 - pednstream.ltm.network - INFO - Total demand of origin node 0: 36239
2026-02-17 12:47:10,210 - pednstream.ltm.network - INFO - Total demand of origin node 1: 19624
2026-02-17 12:47:10,211 - pednstream.ltm.network - INFO - Total demand of origin node 7: 16387
2026-02-17 12:47:10,211 - pednstream.ltm.network - INFO - Total demand of origin node 8: 17230
2026-02-17 12:47:10,211 - pednstream.ltm.network - INFO - Network initialized with 9 nodes and 20 links
2026-02-17 12:47:10,213 - pednstream.ltm.network - INFO - Controller node 2: Added 0 detour path(s) for OD (0, 7)
2026-02-17 12:47:10,213 - pednstream.ltm.network - INFO - Controller node 2: Added 0 detour path(s) for OD (7, 1)
2026-02-17 12:47:10,213 - pednstream.ltm.network - INFO - Controller node 2: Added 0 detour path(s) for OD (8, 1)
2026-02-17 12:47:10,214 - pednstream.ltm.network - INFO - Controller node 2: Added 0 detour path(s) for OD (1, 8)
2026-02-17 12:47:10,214 - pednstream.ltm.network - INFO - Controller node 2: Added 0 detour path(s) for OD (7, 0)
2026-02-17 12:47:10,215 - pednstream.ltm.network - INFO - Controller node 2: Added 0 detour path(s) for OD (8, 0)
2026-02-17 12:47:10,215 - pednstream.ltm.network - INFO - Controller node 2: Added 0 detour path(s) for OD (1, 7)
2026-02-17 12:47:10,216 - pednstream.ltm.network - INFO - Controller node 2: Added 0 detour path(s) for OD (0, 8)
2026-02-17 12:47:10,221 - pednstream.ltm.network - INFO - Network initialization started, assign flows type: classic
2026-02-17 12:47:10,221 - pednstream.ltm.network - INFO - Controller configuration: enabled: True, nodes: {2}, links: []
2026-02-17 12:47:10,221 - pednstream.ltm.network - INFO - Total demand of origin node 0: 32713
2026-02-17 12:47:10,221 - pednstream.ltm.network - INFO - Total demand of origin node 1: 16586.992634463037
2026-02-17 12:47:10,221 - pednstream.ltm.network - INFO - Total demand of origin node 7: 28102
2026-02-17 12:47:10,221 - pednstream.ltm.network - INFO - Total demand of origin node 8: 19393
2026-02-17 12:47:10,221 - pednstream.ltm.network - INFO - Network initialized with 9 nodes and 20 links
2026-02-17 12:47:10,223 - pednstream.ltm.network - INFO - Controller node 2: Added 0 detour path(s) for OD (0, 1)
2026-02-17 12:47:10,223 - pednstream.ltm.network - INFO - Controller node 2: Added 0 detour path(s) for OD (0, 7)
2026-02-17 12:47:10,224 - pednstream.ltm.network - INFO - Controller node 2: Added 0 detour path(s) for OD (7, 1)
2026-02-17 12:47:10,224 - pednstream.ltm.network - INFO - Controller node 2: Added 0 detour path(s) for OD (8, 1)
2026-02-17 12:47:10,225 - pednstream.ltm.network - INFO - Controller node 2: Added 0 detour path(s) for OD (1, 8)
2026-02-17 12:47:10,225 - pednstream.ltm.network - INFO - Controller node 2: Added 0 detour path(s) for OD (7, 0)
2026-02-17 12:47:10,226 - pednstream.ltm.network - INFO - Controller node 2: Added 0 detour path(s) for OD (8, 0)
2026-02-17 12:47:10,226 - pednstream.ltm.network - INFO - Controller node 2: Added 0 detour path(s) for OD (1, 7)
2026-02-17 12:47:10,226 - pednstream.ltm.network - INFO - Controller node 2: Added 0 detour path(s) for OD (1, 0)
2026-02-17 12:47:10,227 - pednstream.ltm.network - INFO - Controller node 2: Added 0 detour path(s) for OD (0, 8)
